Drill report for /home/anton/Documents/kicad/rf_noise_antenna/rf_noise_antenna_v2.kicad_pcb
Created on Tue 06 Nov 2018 15:25:51 SAST

Copper Layer Stackup:
    =============================================================
    L1 :  F.Cu                      front
    L2 :  B.Cu                      back


Drill file 'rf_noise_antenna_v2.drl' contains
    plated through holes:
    =============================================================
    T1  0.38mm  0.015"  (78 holes)
    T2  1.00mm  0.039"  (3 holes)
    T3  1.02mm  0.040"  (40 holes)
    T4  1.47mm  0.058"  (3 holes)

    Total plated holes count 124


Not plated through holes are merged with plated holes
    unplated through holes:
    =============================================================
    T5  3.20mm  0.126"  (8 holes)
    T6  3.50mm  0.138"  (1 hole)

    Total unplated holes count 9
