Drill report for /home/anton/Documents/kicad/rf_noise_antenna/rf_noise_antenna.kicad_pcb
Created on Mon 05 Nov 2018 10:40:04 SAST

Copper Layer Stackup:
    =============================================================
    L1 :  F.Cu                      front
    L2 :  B.Cu                      back


Drill file 'rf_noise_antenna.drl' contains
    plated through holes:
    =============================================================
    T1  0.38mm  0.015"  (67 holes)
    T2  0.46mm  0.018"  (4 holes)
    T3  1.00mm  0.039"  (3 holes)
    T4  1.02mm  0.040"  (40 holes)
    T5  1.47mm  0.058"  (3 holes)

    Total plated holes count 117


Not plated through holes are merged with plated holes
    unplated through holes:
    =============================================================
    T6  3.20mm  0.126"  (4 holes)
    T7  3.50mm  0.138"  (1 hole)

    Total unplated holes count 5
